<?xml version="1.0" encoding="UTF-8"?>
<coverage generated="1739289920998" clover="3.2.0">
  <project timestamp="1739289920998" name="All files">
    <metrics statements="35" coveredstatements="27" conditionals="6" coveredconditionals="1" methods="19" coveredmethods="15" elements="60" coveredelements="43" complexity="0" loc="35" ncloc="35" packages="2" files="8" classes="8"/>
    <package name="src">
      <metrics statements="32" coveredstatements="25" conditionals="4" coveredconditionals="1" methods="17" coveredmethods="15"/>
      <file name="app.js" path="/Users/basilry/Projects/0090_codeit_jest/src/app.js">
        <metrics statements="4" coveredstatements="4" conditionals="0" coveredconditionals="0" methods="3" coveredmethods="3"/>
        <line num="13" count="1" type="stmt"/>
        <line num="15" count="1" type="stmt"/>
        <line num="17" count="1" type="stmt"/>
        <line num="19" count="1" type="stmt"/>
      </file>
      <file name="avatar.js" path="/Users/basilry/Projects/0090_codeit_jest/src/avatar.js">
        <metrics statements="3" coveredstatements="3" conditionals="0" coveredconditionals="0" methods="1" coveredmethods="1"/>
        <line num="2" count="2" type="stmt"/>
        <line num="3" count="2" type="stmt"/>
        <line num="4" count="2" type="stmt"/>
      </file>
      <file name="counter.js" path="/Users/basilry/Projects/0090_codeit_jest/src/counter.js">
        <metrics statements="7" coveredstatements="7" conditionals="0" coveredconditionals="0" methods="5" coveredmethods="5"/>
        <line num="1" count="1" type="stmt"/>
        <line num="3" count="1" type="stmt"/>
        <line num="5" count="1" type="stmt"/>
        <line num="8" count="1" type="stmt"/>
        <line num="11" count="2" type="stmt"/>
        <line num="14" count="2" type="stmt"/>
        <line num="17" count="2" type="stmt"/>
      </file>
      <file name="grade.js" path="/Users/basilry/Projects/0090_codeit_jest/src/grade.js">
        <metrics statements="1" coveredstatements="1" conditionals="0" coveredconditionals="0" methods="1" coveredmethods="1"/>
        <line num="2" count="12" type="stmt"/>
      </file>
      <file name="hello.js" path="/Users/basilry/Projects/0090_codeit_jest/src/hello.js">
        <metrics statements="1" coveredstatements="1" conditionals="0" coveredconditionals="0" methods="1" coveredmethods="1"/>
        <line num="2" count="3" type="stmt"/>
      </file>
      <file name="item.js" path="/Users/basilry/Projects/0090_codeit_jest/src/item.js">
        <metrics statements="2" coveredstatements="2" conditionals="0" coveredconditionals="0" methods="1" coveredmethods="1"/>
        <line num="4" count="2" type="stmt"/>
        <line num="5" count="2" type="stmt"/>
      </file>
      <file name="testDouble.js" path="/Users/basilry/Projects/0090_codeit_jest/src/testDouble.js">
        <metrics statements="14" coveredstatements="7" conditionals="4" coveredconditionals="1" methods="5" coveredmethods="3"/>
        <line num="2" count="1" type="cond" truecount="1" falsecount="3"/>
        <line num="4" count="0" type="stmt"/>
        <line num="5" count="0" type="stmt"/>
        <line num="7" count="1" type="stmt"/>
        <line num="8" count="1" type="stmt"/>
        <line num="10" count="0" type="stmt"/>
        <line num="11" count="0" type="stmt"/>
        <line num="13" count="0" type="stmt"/>
        <line num="18" count="0" type="stmt"/>
        <line num="22" count="1" type="stmt"/>
        <line num="26" count="0" type="stmt"/>
        <line num="29" count="1" type="stmt"/>
        <line num="37" count="4" type="stmt"/>
        <line num="38" count="4" type="stmt"/>
      </file>
    </package>
    <package name="src.repository">
      <metrics statements="3" coveredstatements="2" conditionals="2" coveredconditionals="0" methods="2" coveredmethods="0"/>
      <file name="database.js" path="/Users/basilry/Projects/0090_codeit_jest/src/repository/database.js">
        <metrics statements="3" coveredstatements="2" conditionals="2" coveredconditionals="0" methods="2" coveredmethods="0"/>
        <line num="1" count="1" type="stmt"/>
        <line num="15" count="1" type="stmt"/>
        <line num="16" count="0" type="cond" truecount="0" falsecount="2"/>
      </file>
    </package>
  </project>
</coverage>
