{"/Users/basilry/Projects/0090_codeit_jest/src/app.js": {"path":"/Users/basilry/Projects/0090_codeit_jest/src/app.js","statementMap":{"0":{"start":{"line":13,"column":0},"end":{"line":13,"column":33}},"1":{"start":{"line":15,"column":12},"end":{"line":15,"column":27}},"2":{"start":{"line":15,"column":22},"end":{"line":15,"column":27}},"3":{"start":{"line":17,"column":17},"end":{"line":17,"column":32}},"4":{"start":{"line":17,"column":27},"end":{"line":17,"column":32}},"5":{"start":{"line":19,"column":14},"end":{"line":19,"column":50}},"6":{"start":{"line":19,"column":22},"end":{"line":19,"column":48}}},"fnMap":{"0":{"name":"(anonymous_0)","decl":{"start":{"line":15,"column":12},"end":{"line":15,"column":13}},"loc":{"start":{"line":15,"column":22},"end":{"line":15,"column":27}},"line":15},"1":{"name":"(anonymous_1)","decl":{"start":{"line":17,"column":17},"end":{"line":17,"column":18}},"loc":{"start":{"line":17,"column":27},"end":{"line":17,"column":32}},"line":17},"2":{"name":"(anonymous_2)","decl":{"start":{"line":19,"column":14},"end":{"line":19,"column":15}},"loc":{"start":{"line":19,"column":20},"end":{"line":19,"column":50}},"line":19}},"branchMap":{},"s":{"0":1,"1":1,"2":1,"3":1,"4":1,"5":1,"6":1},"f":{"0":1,"1":1,"2":1},"b":{},"_coverageSchema":"1a1c01bbd47fc00a2c39e90264f33305004495a9","hash":"2340cb4bfb237ed3eaf0b5c926a54894222402a4"}
,"/Users/basilry/Projects/0090_codeit_jest/src/avatar.js": {"path":"/Users/basilry/Projects/0090_codeit_jest/src/avatar.js","statementMap":{"0":{"start":{"line":2,"column":19},"end":{"line":2,"column":69}},"1":{"start":{"line":3,"column":22},"end":{"line":3,"column":43}},"2":{"start":{"line":4,"column":2},"end":{"line":4,"column":17}}},"fnMap":{"0":{"name":"getAvatars","decl":{"start":{"line":1,"column":22},"end":{"line":1,"column":32}},"loc":{"start":{"line":1,"column":35},"end":{"line":5,"column":1}},"line":1}},"branchMap":{},"s":{"0":2,"1":2,"2":2},"f":{"0":2},"b":{},"_coverageSchema":"1a1c01bbd47fc00a2c39e90264f33305004495a9","hash":"5a1dec48e93bb6f02e158d9e65739b8ef260d618"}
,"/Users/basilry/Projects/0090_codeit_jest/src/counter.js": {"path":"/Users/basilry/Projects/0090_codeit_jest/src/counter.js","statementMap":{"0":{"start":{"line":1,"column":12},"end":{"line":1,"column":13}},"1":{"start":{"line":3,"column":16},"end":{"line":19,"column":1}},"2":{"start":{"line":5,"column":4},"end":{"line":5,"column":15}},"3":{"start":{"line":8,"column":4},"end":{"line":8,"column":15}},"4":{"start":{"line":11,"column":4},"end":{"line":11,"column":18}},"5":{"start":{"line":14,"column":4},"end":{"line":14,"column":17}},"6":{"start":{"line":17,"column":4},"end":{"line":17,"column":14}}},"fnMap":{"0":{"name":"(anonymous_0)","decl":{"start":{"line":4,"column":13},"end":{"line":4,"column":14}},"loc":{"start":{"line":4,"column":19},"end":{"line":6,"column":3}},"line":4},"1":{"name":"(anonymous_1)","decl":{"start":{"line":7,"column":13},"end":{"line":7,"column":14}},"loc":{"start":{"line":7,"column":19},"end":{"line":9,"column":3}},"line":7},"2":{"name":"(anonymous_2)","decl":{"start":{"line":10,"column":7},"end":{"line":10,"column":8}},"loc":{"start":{"line":10,"column":18},"end":{"line":12,"column":3}},"line":10},"3":{"name":"(anonymous_3)","decl":{"start":{"line":13,"column":7},"end":{"line":13,"column":8}},"loc":{"start":{"line":13,"column":13},"end":{"line":15,"column":3}},"line":13},"4":{"name":"(anonymous_4)","decl":{"start":{"line":16,"column":9},"end":{"line":16,"column":10}},"loc":{"start":{"line":16,"column":15},"end":{"line":18,"column":3}},"line":16}},"branchMap":{},"s":{"0":1,"1":1,"2":1,"3":1,"4":2,"5":2,"6":2},"f":{"0":1,"1":1,"2":2,"3":2,"4":2},"b":{},"_coverageSchema":"1a1c01bbd47fc00a2c39e90264f33305004495a9","hash":"de4d6f6c1aefb61946c272720879cc5534a7b2a7"}
,"/Users/basilry/Projects/0090_codeit_jest/src/grade.js": {"path":"/Users/basilry/Projects/0090_codeit_jest/src/grade.js","statementMap":{"0":{"start":{"line":2,"column":2},"end":{"line":2,"column":21}}},"fnMap":{"0":{"name":"isPassingScore","decl":{"start":{"line":1,"column":16},"end":{"line":1,"column":30}},"loc":{"start":{"line":1,"column":38},"end":{"line":3,"column":1}},"line":1}},"branchMap":{},"s":{"0":12},"f":{"0":12},"b":{},"_coverageSchema":"1a1c01bbd47fc00a2c39e90264f33305004495a9","hash":"17528413bbecd8f29b7210e8100f518ac4823782"}
,"/Users/basilry/Projects/0090_codeit_jest/src/hello.js": {"path":"/Users/basilry/Projects/0090_codeit_jest/src/hello.js","statementMap":{"0":{"start":{"line":2,"column":2},"end":{"line":2,"column":22}}},"fnMap":{"0":{"name":"hello","decl":{"start":{"line":1,"column":24},"end":{"line":1,"column":29}},"loc":{"start":{"line":1,"column":32},"end":{"line":3,"column":1}},"line":1}},"branchMap":{},"s":{"0":3},"f":{"0":3},"b":{},"_coverageSchema":"1a1c01bbd47fc00a2c39e90264f33305004495a9","hash":"3a3c14fd4ec935da54e7869cf73e509d7e383efe"}
,"/Users/basilry/Projects/0090_codeit_jest/src/item.js": {"path":"/Users/basilry/Projects/0090_codeit_jest/src/item.js","statementMap":{"0":{"start":{"line":4,"column":15},"end":{"line":4,"column":40}},"1":{"start":{"line":5,"column":2},"end":{"line":5,"column":14}}},"fnMap":{"0":{"name":"getItem","decl":{"start":{"line":3,"column":16},"end":{"line":3,"column":23}},"loc":{"start":{"line":3,"column":32},"end":{"line":6,"column":1}},"line":3}},"branchMap":{},"s":{"0":2,"1":2},"f":{"0":2},"b":{},"_coverageSchema":"1a1c01bbd47fc00a2c39e90264f33305004495a9","hash":"a3eea70acba532c28d104853aa517ea20cbdfe75"}
,"/Users/basilry/Projects/0090_codeit_jest/src/testDouble.js": {"path":"/Users/basilry/Projects/0090_codeit_jest/src/testDouble.js","statementMap":{"0":{"start":{"line":2,"column":2},"end":{"line":14,"column":3}},"1":{"start":{"line":4,"column":6},"end":{"line":4,"column":46}},"2":{"start":{"line":5,"column":6},"end":{"line":5,"column":12}},"3":{"start":{"line":7,"column":6},"end":{"line":7,"column":46}},"4":{"start":{"line":8,"column":6},"end":{"line":8,"column":12}},"5":{"start":{"line":10,"column":6},"end":{"line":10,"column":55}},"6":{"start":{"line":11,"column":6},"end":{"line":11,"column":12}},"7":{"start":{"line":13,"column":6},"end":{"line":13,"column":43}},"8":{"start":{"line":18,"column":2},"end":{"line":18,"column":48}},"9":{"start":{"line":22,"column":2},"end":{"line":22,"column":48}},"10":{"start":{"line":26,"column":2},"end":{"line":26,"column":61}},"11":{"start":{"line":29,"column":17},"end":{"line":33,"column":1}},"12":{"start":{"line":37,"column":15},"end":{"line":37,"column":33}},"13":{"start":{"line":38,"column":2},"end":{"line":38,"column":28}}},"fnMap":{"0":{"name":"sendNotification","decl":{"start":{"line":1,"column":9},"end":{"line":1,"column":25}},"loc":{"start":{"line":1,"column":61},"end":{"line":15,"column":1}},"line":1},"1":{"name":"sendSmsNotification","decl":{"start":{"line":17,"column":9},"end":{"line":17,"column":28}},"loc":{"start":{"line":17,"column":49},"end":{"line":19,"column":1}},"line":17},"2":{"name":"sendWebNotification","decl":{"start":{"line":21,"column":9},"end":{"line":21,"column":28}},"loc":{"start":{"line":21,"column":49},"end":{"line":23,"column":1}},"line":21},"3":{"name":"sendEmailNotification","decl":{"start":{"line":25,"column":9},"end":{"line":25,"column":30}},"loc":{"start":{"line":25,"column":58},"end":{"line":27,"column":1}},"line":25},"4":{"name":"getFortuneString","decl":{"start":{"line":36,"column":9},"end":{"line":36,"column":25}},"loc":{"start":{"line":36,"column":32},"end":{"line":39,"column":1}},"line":36}},"branchMap":{"0":{"loc":{"start":{"line":2,"column":2},"end":{"line":14,"column":3}},"type":"switch","locations":[{"start":{"line":3,"column":4},"end":{"line":5,"column":12}},{"start":{"line":6,"column":4},"end":{"line":8,"column":12}},{"start":{"line":9,"column":4},"end":{"line":11,"column":12}},{"start":{"line":12,"column":4},"end":{"line":13,"column":43}}],"line":2}},"s":{"0":1,"1":0,"2":0,"3":1,"4":1,"5":0,"6":0,"7":0,"8":0,"9":1,"10":0,"11":1,"12":4,"13":4},"f":{"0":1,"1":0,"2":1,"3":0,"4":4},"b":{"0":[0,1,0,0]},"_coverageSchema":"1a1c01bbd47fc00a2c39e90264f33305004495a9","hash":"924d7a73e7c2f4c8e80e986d43cd25a3d99c3a27"}
,"/Users/basilry/Projects/0090_codeit_jest/src/repository/database.js": {"path":"/Users/basilry/Projects/0090_codeit_jest/src/repository/database.js","statementMap":{"0":{"start":{"line":1,"column":13},"end":{"line":12,"column":1}},"1":{"start":{"line":15,"column":17},"end":{"line":18,"column":1}},"2":{"start":{"line":16,"column":24},"end":{"line":16,"column":71}},"3":{"start":{"line":16,"column":44},"end":{"line":16,"column":62}}},"fnMap":{"0":{"name":"(anonymous_0)","decl":{"start":{"line":16,"column":12},"end":{"line":16,"column":13}},"loc":{"start":{"line":16,"column":24},"end":{"line":16,"column":71}},"line":16},"1":{"name":"(anonymous_1)","decl":{"start":{"line":16,"column":34},"end":{"line":16,"column":35}},"loc":{"start":{"line":16,"column":44},"end":{"line":16,"column":62}},"line":16}},"branchMap":{"0":{"loc":{"start":{"line":16,"column":24},"end":{"line":16,"column":71}},"type":"binary-expr","locations":[{"start":{"line":16,"column":24},"end":{"line":16,"column":63}},{"start":{"line":16,"column":67},"end":{"line":16,"column":71}}],"line":16}},"s":{"0":1,"1":1,"2":0,"3":0},"f":{"0":0,"1":0},"b":{"0":[0,0]},"_coverageSchema":"1a1c01bbd47fc00a2c39e90264f33305004495a9","hash":"2f527252024cb20792f43c1a3b5c059d3ae872be"}
}
