TN:
SF:src/app.js
FN:15,(anonymous_0)
FN:17,(anonymous_1)
FN:19,(anonymous_2)
FNF:3
FNH:3
FNDA:1,(anonymous_0)
FNDA:1,(anonymous_1)
FNDA:1,(anonymous_2)
DA:13,1
DA:15,1
DA:17,1
DA:19,1
LF:4
LH:4
BRF:0
BRH:0
end_of_record
TN:
SF:src/avatar.js
FN:1,getAvatars
FNF:1
FNH:1
FNDA:2,getAvatars
DA:2,2
DA:3,2
DA:4,2
LF:3
LH:3
BRF:0
BRH:0
end_of_record
TN:
SF:src/counter.js
FN:4,(anonymous_0)
FN:7,(anonymous_1)
FN:10,(anonymous_2)
FN:13,(anonymous_3)
FN:16,(anonymous_4)
FNF:5
FNH:5
FNDA:1,(anonymous_0)
FNDA:1,(anonymous_1)
FNDA:2,(anonymous_2)
FNDA:2,(anonymous_3)
FNDA:2,(anonymous_4)
DA:1,1
DA:3,1
DA:5,1
DA:8,1
DA:11,2
DA:14,2
DA:17,2
LF:7
LH:7
BRF:0
BRH:0
end_of_record
TN:
SF:src/grade.js
FN:1,isPassingScore
FNF:1
FNH:1
FNDA:12,isPassingScore
DA:2,12
LF:1
LH:1
BRF:0
BRH:0
end_of_record
TN:
SF:src/hello.js
FN:1,hello
FNF:1
FNH:1
FNDA:3,hello
DA:2,3
LF:1
LH:1
BRF:0
BRH:0
end_of_record
TN:
SF:src/item.js
FN:3,getItem
FNF:1
FNH:1
FNDA:2,getItem
DA:4,2
DA:5,2
LF:2
LH:2
BRF:0
BRH:0
end_of_record
TN:
SF:src/testDouble.js
FN:1,sendNotification
FN:17,sendSmsNotification
FN:21,sendWebNotification
FN:25,sendEmailNotification
FN:36,getFortuneString
FNF:5
FNH:3
FNDA:1,sendNotification
FNDA:0,sendSmsNotification
FNDA:1,sendWebNotification
FNDA:0,sendEmailNotification
FNDA:4,getFortuneString
DA:2,1
DA:4,0
DA:5,0
DA:7,1
DA:8,1
DA:10,0
DA:11,0
DA:13,0
DA:18,0
DA:22,1
DA:26,0
DA:29,1
DA:37,4
DA:38,4
LF:14
LH:7
BRDA:2,0,0,0
BRDA:2,0,1,1
BRDA:2,0,2,0
BRDA:2,0,3,0
BRF:4
BRH:1
end_of_record
TN:
SF:src/repository/database.js
FN:16,(anonymous_0)
FN:16,(anonymous_1)
FNF:2
FNH:0
FNDA:0,(anonymous_0)
FNDA:0,(anonymous_1)
DA:1,1
DA:15,1
DA:16,0
LF:3
LH:2
BRDA:16,0,0,0
BRDA:16,0,1,0
BRF:2
BRH:0
end_of_record
